{"numTotalTestSuites":557,"numPassedTestSuites":459,"numFailedTestSuites":98,"numPendingTestSuites":0,"numTotalTests":1435,"numPassedTests":1269,"numFailedTests":160,"numPendingTests":6,"numTodoTests":0,"snapshot":{"added":0,"failure":false,"filesAdded":0,"filesRemoved":0,"filesRemovedList":[],"filesUnmatched":0,"filesUpdated":0,"matched":0,"total":0,"unchecked":0,"uncheckedKeysByFile":[],"unmatched":0,"updated":0,"didUpdate":false},"startTime":1771180416391,"success":false,"testResults":[{"assertionResults":[{"ancestorTitles":["Middleware - Public Routes"],"fullName":"Middleware - Public Routes should allow access to /api/health without authentication","status":"passed","title":"should allow access to /api/health without authentication","duration":6.248300000000199,"failureMessages":[],"meta":{}},{"ancestorTitles":["Middleware - Public Routes"],"fullName":"Middleware - Public Routes should allow access to /api/status without authentication","status":"passed","title":"should allow access to /api/status without authentication","duration":6.162179000000151,"failureMessages":[],"meta":{}},{"ancestorTitles":["Middleware - Public Routes"],"fullName":"Middleware - Public Routes should allow access to /landing without authentication","status":"passed","title":"should allow access to /landing without authentication","duration":0.8531050000001414,"failureMessages":[],"meta":{}},{"ancestorTitles":["Middleware - Public Routes"],"fullName":"Middleware - Public Routes should allow access to /auth/login without authentication","status":"passed","title":"should allow access to /auth/login without authentication","duration":0.8399870000000647,"failureMessages":[],"meta":{}},{"ancestorTitles":["Middleware - Public Routes"],"fullName":"Middleware - Public Routes should allow access to /auth/register without authentication","status":"passed","title":"should allow access to /auth/register without authentication","duration":2.1040530000000217,"failureMessages":[],"meta":{}},{"ancestorTitles":["Middleware - Public Routes"],"fullName":"Middleware - Public Routes should allow access to /_next/static/* without authentication","status":"passed","title":"should allow access to /_next/static/* without authentication","duration":0.9420070000001033,"failureMessages":[],"meta":{}},{"ancestorTitles":["Middleware - Public Routes"],"fullName":"Middleware - Public Routes should allow access to /favicon.ico without authentication","status":"passed","title":"should allow access to /favicon.ico without authentication","duration":0.5909919999999147,"failureMessages":[],"meta":{}},{"ancestorTitles":["Middleware - Public Routes"],"fullName":"Middleware - Public Routes should allow access to /robots.txt without authentication","status":"passed","title":"should allow access to /robots.txt without authentication","duration":0.8136959999999362,"failureMessages":[],"meta":{}},{"ancestorTitles":["Middleware - Protected Routes"],"fullName":"Middleware - Protected Routes should redirect unauthenticated user accessing /dashboard to /landing","status":"passed","title":"should redirect unauthenticated user accessing /dashboard to /landing","duration":12.89772199999993,"failureMessages":[],"meta":{}},{"ancestorTitles":["Middleware - Protected Routes"],"fullName":"Middleware - Protected Routes should redirect unauthenticated user accessing /tickets to /landing","status":"passed","title":"should redirect unauthenticated user accessing /tickets to /landing","duration":1.0951829999999063,"failureMessages":[],"meta":{}},{"ancestorTitles":["Middleware - Protected Routes"],"fullName":"Middleware - Protected Routes should redirect unauthenticated user accessing /profile to /landing","status":"passed","title":"should redirect unauthenticated user accessing /profile to /landing","duration":0.6699200000000474,"failureMessages":[],"meta":{}},{"ancestorTitles":["Middleware - Protected Routes"],"fullName":"Middleware - Protected Routes should return 401 for unauthenticated API request to /api/tickets","status":"passed","title":"should return 401 for unauthenticated API request to /api/tickets","duration":1.9640329999999722,"failureMessages":[],"meta":{}},{"ancestorTitles":["Middleware - Protected Routes"],"fullName":"Middleware - Protected Routes should return 401 for unauthenticated API request to /api/analytics","status":"passed","title":"should return 401 for unauthenticated API request to /api/analytics","duration":0.8771030000000337,"failureMessages":[],"meta":{}},{"ancestorTitles":["Middleware - Protected Routes"],"fullName":"Middleware - Protected Routes should allow authenticated user to access /dashboard","status":"passed","title":"should allow authenticated user to access /dashboard","duration":9.001027000000022,"failureMessages":[],"meta":{}},{"ancestorTitles":["Middleware - Protected Routes"],"fullName":"Middleware - Protected Routes should allow authenticated user to access /tickets","status":"passed","title":"should allow authenticated user to access /tickets","duration":6.630114000000049,"failureMessages":[],"meta":{}},{"ancestorTitles":["Middleware - Admin Routes"],"fullName":"Middleware - Admin Routes should block non-admin user from accessing /admin","status":"passed","title":"should block non-admin user from accessing /admin","duration":18.2346399999999,"failureMessages":[],"meta":{}},{"ancestorTitles":["Middleware - Admin Routes"],"fullName":"Middleware - Admin Routes should allow admin user to access /admin","status":"passed","title":"should allow admin user to access /admin","duration":2.0079659999998967,"failureMessages":[],"meta":{}},{"ancestorTitles":["Middleware - Admin Routes"],"fullName":"Middleware - Admin Routes should allow tenant_admin to access /admin","status":"passed","title":"should allow tenant_admin to access /admin","duration":1.8717650000000958,"failureMessages":[],"meta":{}},{"ancestorTitles":["Middleware - Admin Routes"],"fullName":"Middleware - Admin Routes should allow super_admin to access /admin","status":"passed","title":"should allow super_admin to access /admin","duration":1.3645309999999427,"failureMessages":[],"meta":{}},{"ancestorTitles":["Middleware - Admin Routes"],"fullName":"Middleware - Admin Routes should allow team_manager to access /admin","status":"passed","title":"should allow team_manager to access /admin","duration":3.9615610000000743,"failureMessages":[],"meta":{}},{"ancestorTitles":["Middleware - Admin Routes"],"fullName":"Middleware - Admin Routes should block agent role from accessing /admin","status":"passed","title":"should block agent role from accessing /admin","duration":9.254920000000084,"failureMessages":[],"meta":{}},{"ancestorTitles":["Middleware - Admin Routes"],"fullName":"Middleware - Admin Routes should return 403 for non-admin API request to /api/users","status":"passed","title":"should return 403 for non-admin API request to /api/users","duration":2.2731169999999565,"failureMessages":[],"meta":{}},{"ancestorTitles":["Middleware - JWT Verification"],"fullName":"Middleware - JWT Verification should reject expired JWT token","status":"passed","title":"should reject expired JWT token","duration":1.9011940000000322,"failureMessages":[],"meta":{}},{"ancestorTitles":["Middleware - JWT Verification"],"fullName":"Middleware - JWT Verification should reject JWT with invalid signature","status":"passed","title":"should reject JWT with invalid signature","duration":1.5311219999998684,"failureMessages":[],"meta":{}},{"ancestorTitles":["Middleware - JWT Verification"],"fullName":"Middleware - JWT Verification should reject JWT with wrong issuer","status":"passed","title":"should reject JWT with wrong issuer","duration":1.7888259999999718,"failureMessages":[],"meta":{}},{"ancestorTitles":["Middleware - JWT Verification"],"fullName":"Middleware - JWT Verification should reject JWT with wrong audience","status":"passed","title":"should reject JWT with wrong audience","duration":1.6262839999999414,"failureMessages":[],"meta":{}},{"ancestorTitles":["Middleware - JWT Verification"],"fullName":"Middleware - JWT Verification should reject refresh token (type=refresh) for access","status":"passed","title":"should reject refresh token (type=refresh) for access","duration":1.5668209999998908,"failureMessages":[],"meta":{}},{"ancestorTitles":["Middleware - JWT Verification"],"fullName":"Middleware - JWT Verification should accept JWT from Authorization header","status":"passed","title":"should accept JWT from Authorization header","duration":1.7104900000001635,"failureMessages":[],"meta":{}},{"ancestorTitles":["Middleware - JWT Verification"],"fullName":"Middleware - JWT Verification should reject malformed Authorization header","status":"passed","title":"should reject malformed Authorization header","duration":0.7802500000000236,"failureMessages":[],"meta":{}},{"ancestorTitles":["Middleware - Tenant Isolation"],"fullName":"Middleware - Tenant Isolation should reject JWT with mismatched organization_id","status":"passed","title":"should reject JWT with mismatched organization_id","duration":1.2999099999999544,"failureMessages":[],"meta":{}},{"ancestorTitles":["Middleware - Tenant Isolation"],"fullName":"Middleware - Tenant Isolation should set tenant headers on successful request","status":"passed","title":"should set tenant headers on successful request","duration":3.6578259999998863,"failureMessages":[],"meta":{}},{"ancestorTitles":["Middleware - Tenant Isolation"],"fullName":"Middleware - Tenant Isolation should set user headers on authenticated request","status":"passed","title":"should set user headers on authenticated request","duration":6.611371999999847,"failureMessages":[],"meta":{}},{"ancestorTitles":["Middleware - Tenant Isolation"],"fullName":"Middleware - Tenant Isolation should set tenant-context cookie","status":"passed","title":"should set tenant-context cookie","duration":0.940791999999874,"failureMessages":[],"meta":{}},{"ancestorTitles":["Middleware - CSRF Protection"],"fullName":"Middleware - CSRF Protection should validate CSRF token for POST requests","status":"passed","title":"should validate CSRF token for POST requests","duration":6.071756999999934,"failureMessages":[],"meta":{}},{"ancestorTitles":["Middleware - CSRF Protection"],"fullName":"Middleware - CSRF Protection should validate CSRF token for PUT requests","status":"passed","title":"should validate CSRF token for PUT requests","duration":1.1985960000001796,"failureMessages":[],"meta":{}},{"ancestorTitles":["Middleware - CSRF Protection"],"fullName":"Middleware - CSRF Protection should validate CSRF token for DELETE requests","status":"passed","title":"should validate CSRF token for DELETE requests","duration":1.0357229999999618,"failureMessages":[],"meta":{}},{"ancestorTitles":["Middleware - CSRF Protection"],"fullName":"Middleware - CSRF Protection should skip CSRF validation for GET requests","status":"passed","title":"should skip CSRF validation for GET requests","duration":1.7938890000000356,"failureMessages":[],"meta":{}},{"ancestorTitles":["Middleware - CSRF Protection"],"fullName":"Middleware - CSRF Protection should exempt SSO callbacks from CSRF validation","status":"passed","title":"should exempt SSO callbacks from CSRF validation","duration":0.45594500000015614,"failureMessages":[],"meta":{}},{"ancestorTitles":["Middleware - Performance Optimizations"],"fullName":"Middleware - Performance Optimizations should set cache-control header for static assets","status":"passed","title":"should set cache-control header for static assets","duration":0.26254199999993943,"failureMessages":[],"meta":{}},{"ancestorTitles":["Middleware - Performance Optimizations"],"fullName":"Middleware - Performance Optimizations should set no-cache for API routes","status":"passed","title":"should set no-cache for API routes","duration":0.25357400000007146,"failureMessages":[],"meta":{}},{"ancestorTitles":["Middleware - Performance Optimizations"],"fullName":"Middleware - Performance Optimizations should set cache-control for landing page","status":"passed","title":"should set cache-control for landing page","duration":1.0610939999999118,"failureMessages":[],"meta":{}},{"ancestorTitles":["Middleware - Performance Optimizations"],"fullName":"Middleware - Performance Optimizations should set Vary header","status":"passed","title":"should set Vary header","duration":0.2608749999999418,"failureMessages":[],"meta":{}},{"ancestorTitles":["Middleware - Performance Optimizations"],"fullName":"Middleware - Performance Optimizations should set ETag for static resources","status":"passed","title":"should set ETag for static resources","duration":0.16330300000004172,"failureMessages":[],"meta":{}},{"ancestorTitles":["Middleware - Performance Optimizations"],"fullName":"Middleware - Performance Optimizations should handle ETag for static resources","status":"passed","title":"should handle ETag for static resources","duration":0.2858000000001084,"failureMessages":[],"meta":{}},{"ancestorTitles":["Middleware - Performance Optimizations"],"fullName":"Middleware - Performance Optimizations should detect Brotli compression support","status":"passed","title":"should detect Brotli compression support","duration":0.17133000000012544,"failureMessages":[],"meta":{}},{"ancestorTitles":["Middleware - Performance Optimizations"],"fullName":"Middleware - Performance Optimizations should detect gzip compression support","status":"passed","title":"should detect gzip compression support","duration":0.1414239999999154,"failureMessages":[],"meta":{}},{"ancestorTitles":["Middleware - Error Handling"],"fullName":"Middleware - Error Handling should handle missing JWT gracefully","status":"passed","title":"should handle missing JWT gracefully","duration":0.44431299999996554,"failureMessages":[],"meta":{}},{"ancestorTitles":["Middleware - Error Handling"],"fullName":"Middleware - Error Handling should handle invalid JWT format gracefully","status":"passed","title":"should handle invalid JWT format gracefully","duration":4.252463999999918,"failureMessages":[],"meta":{}},{"ancestorTitles":["Middleware - Error Handling"],"fullName":"Middleware - Error Handling should redirect to /tenant-not-found when tenant cannot be resolved","status":"passed","title":"should redirect to /tenant-not-found when tenant cannot be resolved","duration":2.0382540000000517,"failureMessages":[],"meta":{}},{"ancestorTitles":["Middleware - Error Handling"],"fullName":"Middleware - Error Handling should handle tenant validation errors","status":"passed","title":"should handle tenant validation errors","duration":0.9792540000000827,"failureMessages":[],"meta":{}},{"ancestorTitles":["Middleware - Role-Based Access Control"],"fullName":"Middleware - Role-Based Access Control should block Regular user (user) from accessing /admin","status":"passed","title":"should block Regular user (user) from accessing /admin","duration":5.139108000000078,"failureMessages":[],"meta":{}},{"ancestorTitles":["Middleware - Role-Based Access Control"],"fullName":"Middleware - Role-Based Access Control should block Support agent (agent) from accessing /admin","status":"passed","title":"should block Support agent (agent) from accessing /admin","duration":0.9684219999999186,"failureMessages":[],"meta":{}},{"ancestorTitles":["Middleware - Role-Based Access Control"],"fullName":"Middleware - Role-Based Access Control should block Team lead (team_lead) from accessing /admin","status":"passed","title":"should block Team lead (team_lead) from accessing /admin","duration":1.9536749999999756,"failureMessages":[],"meta":{}},{"ancestorTitles":["Middleware - Role-Based Access Control"],"fullName":"Middleware - Role-Based Access Control should allow Team manager (team_manager) from accessing /admin","status":"passed","title":"should allow Team manager (team_manager) from accessing /admin","duration":1.3900479999999789,"failureMessages":[],"meta":{}},{"ancestorTitles":["Middleware - Role-Based Access Control"],"fullName":"Middleware - Role-Based Access Control should allow Admin (admin) from accessing /admin","status":"passed","title":"should allow Admin (admin) from accessing /admin","duration":1.9173000000000684,"failureMessages":[],"meta":{}},{"ancestorTitles":["Middleware - Role-Based Access Control"],"fullName":"Middleware - Role-Based Access Control should allow Tenant admin (tenant_admin) from accessing /admin","status":"passed","title":"should allow Tenant admin (tenant_admin) from accessing /admin","duration":1.2170310000001336,"failureMessages":[],"meta":{}},{"ancestorTitles":["Middleware - Role-Based Access Control"],"fullName":"Middleware - Role-Based Access Control should allow Super admin (super_admin) from accessing /admin","status":"passed","title":"should allow Super admin (super_admin) from accessing /admin","duration":0.9549499999998261,"failureMessages":[],"meta":{}},{"ancestorTitles":["Middleware - Role-Based Access Control"],"fullName":"Middleware - Role-Based Access Control should allow all authenticated users to access /tickets","status":"passed","title":"should allow all authenticated users to access /tickets","duration":6.2561920000000555,"failureMessages":[],"meta":{}},{"ancestorTitles":["Middleware - Redirect Logic"],"fullName":"Middleware - Redirect Logic should redirect to /landing with tenant parameter","status":"passed","title":"should redirect to /landing with tenant parameter","duration":0.6644520000002103,"failureMessages":[],"meta":{}},{"ancestorTitles":["Middleware - Redirect Logic"],"fullName":"Middleware - Redirect Logic should redirect to /unauthorized for insufficient permissions","status":"passed","title":"should redirect to /unauthorized for insufficient permissions","duration":1.1219150000001719,"failureMessages":[],"meta":{}},{"ancestorTitles":["Middleware - Integration Tests"],"fullName":"Middleware - Integration Tests should handle complete authentication flow for admin user","status":"passed","title":"should handle complete authentication flow for admin user","duration":1.167351999999937,"failureMessages":[],"meta":{}},{"ancestorTitles":["Middleware - Integration Tests"],"fullName":"Middleware - Integration Tests should enforce all security checks in correct order","status":"passed","title":"should enforce all security checks in correct order","duration":2.5902249999999185,"failureMessages":[],"meta":{}}],"startTime":1771180418953,"endTime":1771180419115.5903,"status":"passed","message":"","name":"/home/nic20/ProjetosWeb/ServiceDesk/tests/middleware.test.ts"},{"assertionResults":[{"ancestorTitles":["Admin API Integration Tests","GET /api/admin/users"],"fullName":"Admin API Integration Tests GET /api/admin/users should list all users (admin only)","status":"failed","title":"should list all users (admin only)","duration":34.11365500000011,"failureMessages":["AssertionError: expected 403 to be 200 // Object.is equality\n    at /home/nic20/ProjetosWeb/ServiceDesk/tests/integration/admin.test.ts:33:31\n    at file:///home/nic20/ProjetosWeb/ServiceDesk/node_modules/@vitest/runner/dist/chunk-hooks.js:752:20"],"meta":{}},{"ancestorTitles":["Admin API Integration Tests","GET /api/admin/users"],"fullName":"Admin API Integration Tests GET /api/admin/users should deny access to non-admin users","status":"passed","title":"should deny access to non-admin users","duration":4.263625000000047,"failureMessages":[],"meta":{}},{"ancestorTitles":["Admin API Integration Tests","GET /api/admin/users"],"fullName":"Admin API Integration Tests GET /api/admin/users should deny access to agents","status":"passed","title":"should deny access to agents","duration":3.73623600000019,"failureMessages":[],"meta":{}},{"ancestorTitles":["Admin API Integration Tests","GET /api/admin/users"],"fullName":"Admin API Integration Tests GET /api/admin/users should include ticket count per user","status":"failed","title":"should include ticket count per user","duration":6.749858000000131,"failureMessages":["AssertionError: expected undefined to be defined\n    at /home/nic20/ProjetosWeb/ServiceDesk/tests/integration/admin.test.ts:85:20\n    at file:///home/nic20/ProjetosWeb/ServiceDesk/node_modules/@vitest/runner/dist/chunk-hooks.js:752:20"],"meta":{}},{"ancestorTitles":["Admin API Integration Tests","GET /api/admin/users"],"fullName":"Admin API Integration Tests GET /api/admin/users should enforce tenant isolation","status":"passed","title":"should enforce tenant isolation","duration":2.616232000000309,"failureMessages":[],"meta":{}},{"ancestorTitles":["Admin API Integration Tests","GET /api/admin/users"],"fullName":"Admin API Integration Tests GET /api/admin/users should not expose password hashes","status":"passed","title":"should not expose password hashes","duration":6.745148999999856,"failureMessages":[],"meta":{}},{"ancestorTitles":["Admin API Integration Tests","GET /api/admin/users/[id]"],"fullName":"Admin API Integration Tests GET /api/admin/users/[id] should get user by id (admin only)","status":"failed","title":"should get user by id (admin only)","duration":12.927920000000086,"failureMessages":["AssertionError: expected 401 to be 200 // Object.is equality\n    at /home/nic20/ProjetosWeb/ServiceDesk/tests/integration/admin.test.ts:137:31\n    at file:///home/nic20/ProjetosWeb/ServiceDesk/node_modules/@vitest/runner/dist/chunk-hooks.js:752:20"],"meta":{}},{"ancestorTitles":["Admin API Integration Tests","GET /api/admin/users/[id]"],"fullName":"Admin API Integration Tests GET /api/admin/users/[id] should return 404 for non-existent user","status":"failed","title":"should return 404 for non-existent user","duration":9.455997000000025,"failureMessages":["AssertionError: expected 401 to be 404 // Object.is equality\n    at /home/nic20/ProjetosWeb/ServiceDesk/tests/integration/admin.test.ts:154:31\n    at file:///home/nic20/ProjetosWeb/ServiceDesk/node_modules/@vitest/runner/dist/chunk-hooks.js:752:20"],"meta":{}},{"ancestorTitles":["Admin API Integration Tests","GET /api/admin/users/[id]"],"fullName":"Admin API Integration Tests GET /api/admin/users/[id] should deny access to non-admin users","status":"failed","title":"should deny access to non-admin users","duration":6.222775999999612,"failureMessages":["AssertionError: expected 401 to be 403 // Object.is equality\n    at /home/nic20/ProjetosWeb/ServiceDesk/tests/integration/admin.test.ts:168:31\n    at file:///home/nic20/ProjetosWeb/ServiceDesk/node_modules/@vitest/runner/dist/chunk-hooks.js:752:20"],"meta":{}},{"ancestorTitles":["Admin API Integration Tests","PUT /api/admin/users/[id]"],"fullName":"Admin API Integration Tests PUT /api/admin/users/[id] should update user (admin only)","status":"failed","title":"should update user (admin only)","duration":14.436235000000124,"failureMessages":["AssertionError: expected 401 to be 200 // Object.is equality\n    at /home/nic20/ProjetosWeb/ServiceDesk/tests/integration/admin.test.ts:190:31\n    at file:///home/nic20/ProjetosWeb/ServiceDesk/node_modules/@vitest/runner/dist/chunk-hooks.js:752:20"],"meta":{}},{"ancestorTitles":["Admin API Integration Tests","PUT /api/admin/users/[id]"],"fullName":"Admin API Integration Tests PUT /api/admin/users/[id] should deny role escalation by non-admin","status":"failed","title":"should deny role escalation by non-admin","duration":10.416002999999819,"failureMessages":["AssertionError: expected 401 to be 403 // Object.is equality\n    at /home/nic20/ProjetosWeb/ServiceDesk/tests/integration/admin.test.ts:214:31\n    at file:///home/nic20/ProjetosWeb/ServiceDesk/node_modules/@vitest/runner/dist/chunk-hooks.js:752:20"],"meta":{}},{"ancestorTitles":["Admin API Integration Tests","PUT /api/admin/users/[id]"],"fullName":"Admin API Integration Tests PUT /api/admin/users/[id] should create audit log on user update","status":"failed","title":"should create audit log on user update","duration":4.57678900000019,"failureMessages":["AssertionError: expected undefined to be defined\n    at /home/nic20/ProjetosWeb/ServiceDesk/tests/integration/admin.test.ts:238:24\n    at file:///home/nic20/ProjetosWeb/ServiceDesk/node_modules/@vitest/runner/dist/chunk-hooks.js:752:20"],"meta":{}},{"ancestorTitles":["Admin API Integration Tests","DELETE /api/admin/users/[id]"],"fullName":"Admin API Integration Tests DELETE /api/admin/users/[id] should deactivate user instead of hard delete","status":"failed","title":"should deactivate user instead of hard delete","duration":23.199118,"failureMessages":["AssertionError: expected 401 to be 200 // Object.is equality\n    at /home/nic20/ProjetosWeb/ServiceDesk/tests/integration/admin.test.ts:264:31\n    at file:///home/nic20/ProjetosWeb/ServiceDesk/node_modules/@vitest/runner/dist/chunk-hooks.js:752:20"],"meta":{}},{"ancestorTitles":["Admin API Integration Tests","DELETE /api/admin/users/[id]"],"fullName":"Admin API Integration Tests DELETE /api/admin/users/[id] should prevent self-deletion","status":"failed","title":"should prevent self-deletion","duration":2.7283199999997123,"failureMessages":["AssertionError: expected 401 to be 400 // Object.is equality\n    at /home/nic20/ProjetosWeb/ServiceDesk/tests/integration/admin.test.ts:284:31\n    at file:///home/nic20/ProjetosWeb/ServiceDesk/node_modules/@vitest/runner/dist/chunk-hooks.js:752:20"],"meta":{}},{"ancestorTitles":["Admin API Integration Tests","DELETE /api/admin/users/[id]"],"fullName":"Admin API Integration Tests DELETE /api/admin/users/[id] should deny deletion by non-admin","status":"failed","title":"should deny deletion by non-admin","duration":8.484050999999909,"failureMessages":["AssertionError: expected 401 to be 403 // Object.is equality\n    at /home/nic20/ProjetosWeb/ServiceDesk/tests/integration/admin.test.ts:298:31\n    at file:///home/nic20/ProjetosWeb/ServiceDesk/node_modules/@vitest/runner/dist/chunk-hooks.js:752:20"],"meta":{}},{"ancestorTitles":["Admin API Integration Tests","GET /api/admin/reports"],"fullName":"Admin API Integration Tests GET /api/admin/reports should generate ticket reports (admin only)","status":"failed","title":"should generate ticket reports (admin only)","duration":10.375125000000025,"failureMessages":["AssertionError: expected 401 to be 200 // Object.is equality\n    at /home/nic20/ProjetosWeb/ServiceDesk/tests/integration/admin.test.ts:324:31\n    at file:///home/nic20/ProjetosWeb/ServiceDesk/node_modules/@vitest/runner/dist/chunk-hooks.js:752:20"],"meta":{}},{"ancestorTitles":["Admin API Integration Tests","GET /api/admin/reports"],"fullName":"Admin API Integration Tests GET /api/admin/reports should filter reports by date range","status":"failed","title":"should filter reports by date range","duration":2.332875000000058,"failureMessages":["AssertionError: expected 401 to be 200 // Object.is equality\n    at /home/nic20/ProjetosWeb/ServiceDesk/tests/integration/admin.test.ts:342:31\n    at file:///home/nic20/ProjetosWeb/ServiceDesk/node_modules/@vitest/runner/dist/chunk-hooks.js:752:20"],"meta":{}},{"ancestorTitles":["Admin API Integration Tests","GET /api/admin/reports"],"fullName":"Admin API Integration Tests GET /api/admin/reports should deny access to non-admin users","status":"failed","title":"should deny access to non-admin users","duration":9.135549000000083,"failureMessages":["AssertionError: expected 401 to be 403 // Object.is equality\n    at /home/nic20/ProjetosWeb/ServiceDesk/tests/integration/admin.test.ts:353:31\n    at file:///home/nic20/ProjetosWeb/ServiceDesk/node_modules/@vitest/runner/dist/chunk-hooks.js:752:20"],"meta":{}},{"ancestorTitles":["Admin API Integration Tests","GET /api/admin/audit"],"fullName":"Admin API Integration Tests GET /api/admin/audit should retrieve audit logs (admin only)","status":"failed","title":"should retrieve audit logs (admin only)","duration":2.928306000000248,"failureMessages":["AssertionError: expected 401 to be 200 // Object.is equality\n    at /home/nic20/ProjetosWeb/ServiceDesk/tests/integration/admin.test.ts:374:31\n    at file:///home/nic20/ProjetosWeb/ServiceDesk/node_modules/@vitest/runner/dist/chunk-hooks.js:752:20"],"meta":{}},{"ancestorTitles":["Admin API Integration Tests","GET /api/admin/audit"],"fullName":"Admin API Integration Tests GET /api/admin/audit should filter audit logs by entity type","status":"failed","title":"should filter audit logs by entity type","duration":9.013742999999977,"failureMessages":["AssertionError: expected 401 to be 200 // Object.is equality\n    at /home/nic20/ProjetosWeb/ServiceDesk/tests/integration/admin.test.ts:388:31\n    at file:///home/nic20/ProjetosWeb/ServiceDesk/node_modules/@vitest/runner/dist/chunk-hooks.js:752:20"],"meta":{}},{"ancestorTitles":["Admin API Integration Tests","GET /api/admin/audit"],"fullName":"Admin API Integration Tests GET /api/admin/audit should filter audit logs by user","status":"failed","title":"should filter audit logs by user","duration":2.2508200000002034,"failureMessages":["AssertionError: expected 401 to be 200 // Object.is equality\n    at /home/nic20/ProjetosWeb/ServiceDesk/tests/integration/admin.test.ts:408:31\n    at file:///home/nic20/ProjetosWeb/ServiceDesk/node_modules/@vitest/runner/dist/chunk-hooks.js:752:20"],"meta":{}},{"ancestorTitles":["Admin API Integration Tests","GET /api/admin/audit"],"fullName":"Admin API Integration Tests GET /api/admin/audit should paginate audit logs","status":"failed","title":"should paginate audit logs","duration":14.181822000000011,"failureMessages":["AssertionError: expected 401 to be 200 // Object.is equality\n    at /home/nic20/ProjetosWeb/ServiceDesk/tests/integration/admin.test.ts:434:31\n    at file:///home/nic20/ProjetosWeb/ServiceDesk/node_modules/@vitest/runner/dist/chunk-hooks.js:752:20"],"meta":{}},{"ancestorTitles":["Admin API Integration Tests","GET /api/admin/audit"],"fullName":"Admin API Integration Tests GET /api/admin/audit should deny access to non-admin users","status":"failed","title":"should deny access to non-admin users","duration":5.59092499999997,"failureMessages":["AssertionError: expected 401 to be 403 // Object.is equality\n    at /home/nic20/ProjetosWeb/ServiceDesk/tests/integration/admin.test.ts:447:31\n    at file:///home/nic20/ProjetosWeb/ServiceDesk/node_modules/@vitest/runner/dist/chunk-hooks.js:752:20"],"meta":{}},{"ancestorTitles":["Admin API Integration Tests","GET /api/admin/audit"],"fullName":"Admin API Integration Tests GET /api/admin/audit should enforce tenant isolation","status":"passed","title":"should enforce tenant isolation","duration":10.492899000000307,"failureMessages":[],"meta":{}},{"ancestorTitles":["Admin API Integration Tests","GET /api/admin/sla"],"fullName":"Admin API Integration Tests GET /api/admin/sla should retrieve SLA statistics (admin only)","status":"failed","title":"should retrieve SLA statistics (admin only)","duration":8.089710000000196,"failureMessages":["AssertionError: expected 403 to be 200 // Object.is equality\n    at /home/nic20/ProjetosWeb/ServiceDesk/tests/integration/admin.test.ts:478:31\n    at file:///home/nic20/ProjetosWeb/ServiceDesk/node_modules/@vitest/runner/dist/chunk-hooks.js:752:20"],"meta":{}},{"ancestorTitles":["Admin API Integration Tests","GET /api/admin/sla"],"fullName":"Admin API Integration Tests GET /api/admin/sla should show SLA compliance metrics","status":"failed","title":"should show SLA compliance metrics","duration":4.79676500000005,"failureMessages":["AssertionError: expected 403 to be 200 // Object.is equality\n    at /home/nic20/ProjetosWeb/ServiceDesk/tests/integration/admin.test.ts:491:31\n    at file:///home/nic20/ProjetosWeb/ServiceDesk/node_modules/@vitest/runner/dist/chunk-hooks.js:752:20"],"meta":{}},{"ancestorTitles":["Admin API Integration Tests","GET /api/admin/sla"],"fullName":"Admin API Integration Tests GET /api/admin/sla should filter SLA stats by date range","status":"failed","title":"should filter SLA stats by date range","duration":3.353226000000177,"failureMessages":["AssertionError: expected 403 to be 200 // Object.is equality\n    at /home/nic20/ProjetosWeb/ServiceDesk/tests/integration/admin.test.ts:512:31\n    at file:///home/nic20/ProjetosWeb/ServiceDesk/node_modules/@vitest/runner/dist/chunk-hooks.js:752:20"],"meta":{}},{"ancestorTitles":["Admin API Integration Tests","GET /api/admin/sla"],"fullName":"Admin API Integration Tests GET /api/admin/sla should deny access to non-admin users","status":"passed","title":"should deny access to non-admin users","duration":7.353712000000087,"failureMessages":[],"meta":{}},{"ancestorTitles":["Admin API Integration Tests","Admin Security"],"fullName":"Admin API Integration Tests Admin Security should require authentication for all admin endpoints","status":"failed","title":"should require authentication for all admin endpoints","duration":10.970702999999958,"failureMessages":["AssertionError: expected 400 to be 401 // Object.is equality\n    at /home/nic20/ProjetosWeb/ServiceDesk/tests/integration/admin.test.ts:553:34\n    at file:///home/nic20/ProjetosWeb/ServiceDesk/node_modules/@vitest/runner/dist/chunk-hooks.js:752:20"],"meta":{}},{"ancestorTitles":["Admin API Integration Tests","Admin Security"],"fullName":"Admin API Integration Tests Admin Security should log all admin actions","status":"failed","title":"should log all admin actions","duration":3.2546439999996437,"failureMessages":["AssertionError: expected 0 to be greater than 0\n    at /home/nic20/ProjetosWeb/ServiceDesk/tests/integration/admin.test.ts:581:27\n    at file:///home/nic20/ProjetosWeb/ServiceDesk/node_modules/@vitest/runner/dist/chunk-hooks.js:752:20"],"meta":{}}],"startTime":1771180419640,"endTime":1771180419897.2546,"status":"failed","message":"","name":"/home/nic20/ProjetosWeb/ServiceDesk/tests/integration/admin.test.ts"},{"assertionResults":[{"ancestorTitles":["Auth API Integration Tests","POST /api/auth/register"],"fullName":"Auth API Integration Tests POST /api/auth/register should register a new user successfully","status":"failed","title":"should register a new user successfully","duration":28.331190999999762,"failureMessages":["AssertionError: expected 400 to be 200 // Object.is equality\n    at /home/nic20/ProjetosWeb/ServiceDesk/tests/integration/auth.test.ts:38:31\n    at file:///home/nic20/ProjetosWeb/ServiceDesk/node_modules/@vitest/runner/dist/chunk-hooks.js:752:20"],"meta":{}},{"ancestorTitles":["Auth API Integration Tests","POST /api/auth/register"],"fullName":"Auth API Integration Tests POST /api/auth/register should reject registration with weak password","status":"passed","title":"should reject registration with weak password","duration":1.9052860000001601,"failureMessages":[],"meta":{}},{"ancestorTitles":["Auth API Integration Tests","POST /api/auth/register"],"fullName":"Auth API Integration Tests POST /api/auth/register should reject registration with invalid email","status":"passed","title":"should reject registration with invalid email","duration":2.4395979999999327,"failureMessages":[],"meta":{}},{"ancestorTitles":["Auth API Integration Tests","POST /api/auth/register"],"fullName":"Auth API Integration Tests POST /api/auth/register should reject duplicate email registration","status":"failed","title":"should reject duplicate email registration","duration":2.522819000000254,"failureMessages":["AssertionError: expected 400 to be 409 // Object.is equality\n    at /home/nic20/ProjetosWeb/ServiceDesk/tests/integration/auth.test.ts:104:31\n    at file:///home/nic20/ProjetosWeb/ServiceDesk/node_modules/@vitest/runner/dist/chunk-hooks.js:752:20"],"meta":{}},{"ancestorTitles":["Auth API Integration Tests","POST /api/auth/register"],"fullName":"Auth API Integration Tests POST /api/auth/register should reject registration with missing required fields","status":"passed","title":"should reject registration with missing required fields","duration":1.7544590000002245,"failureMessages":[],"meta":{}},{"ancestorTitles":["Auth API Integration Tests","POST /api/auth/register"],"fullName":"Auth API Integration Tests POST /api/auth/register should sanitize name to prevent XSS","status":"failed","title":"should sanitize name to prevent XSS","duration":8.658176000000367,"failureMessages":["AssertionError: expected 400 to be 200 // Object.is equality\n    at /home/nic20/ProjetosWeb/ServiceDesk/tests/integration/auth.test.ts:140:31\n    at file:///home/nic20/ProjetosWeb/ServiceDesk/node_modules/@vitest/runner/dist/chunk-hooks.js:752:20"],"meta":{}},{"ancestorTitles":["Auth API Integration Tests","POST /api/auth/register"],"fullName":"Auth API Integration Tests POST /api/auth/register should set authentication cookies on successful registration","status":"failed","title":"should set authentication cookies on successful registration","duration":2.7977930000001834,"failureMessages":["AssertionError: expected 400 to be 200 // Object.is equality\n    at /home/nic20/ProjetosWeb/ServiceDesk/tests/integration/auth.test.ts:157:31\n    at file:///home/nic20/ProjetosWeb/ServiceDesk/node_modules/@vitest/runner/dist/chunk-hooks.js:752:20"],"meta":{}},{"ancestorTitles":["Auth API Integration Tests","POST /api/auth/login"],"fullName":"Auth API Integration Tests POST /api/auth/login should login with valid credentials","status":"failed","title":"should login with valid credentials","duration":3.7717210000000705,"failureMessages":["AssertionError: expected 400 to be 200 // Object.is equality\n    at /home/nic20/ProjetosWeb/ServiceDesk/tests/integration/auth.test.ts:176:31\n    at file:///home/nic20/ProjetosWeb/ServiceDesk/node_modules/@vitest/runner/dist/chunk-hooks.js:752:20"],"meta":{}},{"ancestorTitles":["Auth API Integration Tests","POST /api/auth/login"],"fullName":"Auth API Integration Tests POST /api/auth/login should reject login with invalid password","status":"failed","title":"should reject login with invalid password","duration":1.4385419999998703,"failureMessages":["AssertionError: expected 400 to be 401 // Object.is equality\n    at /home/nic20/ProjetosWeb/ServiceDesk/tests/integration/auth.test.ts:197:31\n    at file:///home/nic20/ProjetosWeb/ServiceDesk/node_modules/@vitest/runner/dist/chunk-hooks.js:752:20"],"meta":{}},{"ancestorTitles":["Auth API Integration Tests","POST /api/auth/login"],"fullName":"Auth API Integration Tests POST /api/auth/login should reject login with non-existent email","status":"failed","title":"should reject login with non-existent email","duration":1.28057600000011,"failureMessages":["AssertionError: expected 400 to be 401 // Object.is equality\n    at /home/nic20/ProjetosWeb/ServiceDesk/tests/integration/auth.test.ts:215:31\n    at file:///home/nic20/ProjetosWeb/ServiceDesk/node_modules/@vitest/runner/dist/chunk-hooks.js:752:20"],"meta":{}},{"ancestorTitles":["Auth API Integration Tests","POST /api/auth/login"],"fullName":"Auth API Integration Tests POST /api/auth/login should update last_login_at on successful login","status":"failed","title":"should update last_login_at on successful login","duration":1.365422000000308,"failureMessages":["AssertionError: expected null to be truthy\n    at /home/nic20/ProjetosWeb/ServiceDesk/tests/integration/auth.test.ts:240:40\n    at file:///home/nic20/ProjetosWeb/ServiceDesk/node_modules/@vitest/runner/dist/chunk-hooks.js:752:20"],"meta":{}},{"ancestorTitles":["Auth API Integration Tests","POST /api/auth/login"],"fullName":"Auth API Integration Tests POST /api/auth/login should create audit log entry on successful login","status":"failed","title":"should create audit log entry on successful login","duration":1.3118549999999232,"failureMessages":["AssertionError: expected undefined to be defined\n    at /home/nic20/ProjetosWeb/ServiceDesk/tests/integration/auth.test.ts:263:24\n    at file:///home/nic20/ProjetosWeb/ServiceDesk/node_modules/@vitest/runner/dist/chunk-hooks.js:752:20"],"meta":{}},{"ancestorTitles":["Auth API Integration Tests","POST /api/auth/login"],"fullName":"Auth API Integration Tests POST /api/auth/login should lock account after multiple failed login attempts","status":"failed","title":"should lock account after multiple failed login attempts","duration":2.821937000000162,"failureMessages":["SqliteError: no such column: locked_until\n    at Database.prepare (/home/nic20/ProjetosWeb/ServiceDesk/node_modules/better-sqlite3/lib/methods/wrappers.js:5:21)\n    at /home/nic20/ProjetosWeb/ServiceDesk/tests/integration/auth.test.ts:284:23\n    at file:///home/nic20/ProjetosWeb/ServiceDesk/node_modules/@vitest/runner/dist/chunk-hooks.js:752:20"],"meta":{}},{"ancestorTitles":["Auth API Integration Tests","POST /api/auth/login"],"fullName":"Auth API Integration Tests POST /api/auth/login should reset failed attempts counter on successful login","status":"failed","title":"should reset failed attempts counter on successful login","duration":1.2136470000000372,"failureMessages":["SqliteError: no such column: failed_login_attempts\n    at Database.prepare (/home/nic20/ProjetosWeb/ServiceDesk/node_modules/better-sqlite3/lib/methods/wrappers.js:5:21)\n    at /home/nic20/ProjetosWeb/ServiceDesk/tests/integration/auth.test.ts:311:10\n    at file:///home/nic20/ProjetosWeb/ServiceDesk/node_modules/@vitest/runner/dist/chunk-hooks.js:155:11\n    at file:///home/nic20/ProjetosWeb/ServiceDesk/node_modules/@vitest/runner/dist/chunk-hooks.js:752:26\n    at file:///home/nic20/ProjetosWeb/ServiceDesk/node_modules/@vitest/runner/dist/chunk-hooks.js:1897:20\n    at new Promise (<anonymous>)\n    at runWithTimeout (file:///home/nic20/ProjetosWeb/ServiceDesk/node_modules/@vitest/runner/dist/chunk-hooks.js:1863:10)\n    at runTest (file:///home/nic20/ProjetosWeb/ServiceDesk/node_modules/@vitest/runner/dist/chunk-hooks.js:1574:12)\n    at runSuite (file:///home/nic20/ProjetosWeb/ServiceDesk/node_modules/@vitest/runner/dist/chunk-hooks.js:1729:8)\n    at runSuite (file:///home/nic20/ProjetosWeb/ServiceDesk/node_modules/@vitest/runner/dist/chunk-hooks.js:1729:8)"],"meta":{}},{"ancestorTitles":["Auth API Integration Tests","GET /api/auth/verify"],"fullName":"Auth API Integration Tests GET /api/auth/verify should verify valid token","status":"failed","title":"should verify valid token","duration":14.414440000000013,"failureMessages":["AssertionError: expected 401 to be 200 // Object.is equality\n    at /home/nic20/ProjetosWeb/ServiceDesk/tests/integration/auth.test.ts:342:31\n    at file:///home/nic20/ProjetosWeb/ServiceDesk/node_modules/@vitest/runner/dist/chunk-hooks.js:752:20"],"meta":{}},{"ancestorTitles":["Auth API Integration Tests","GET /api/auth/verify"],"fullName":"Auth API Integration Tests GET /api/auth/verify should reject invalid token","status":"failed","title":"should reject invalid token","duration":5.6252770000000965,"failureMessages":["AssertionError: expected undefined to be false // Object.is equality\n    at /home/nic20/ProjetosWeb/ServiceDesk/tests/integration/auth.test.ts:360:26\n    at file:///home/nic20/ProjetosWeb/ServiceDesk/node_modules/@vitest/runner/dist/chunk-hooks.js:752:20"],"meta":{}},{"ancestorTitles":["Auth API Integration Tests","GET /api/auth/profile"],"fullName":"Auth API Integration Tests GET /api/auth/profile should get authenticated user profile","status":"failed","title":"should get authenticated user profile","duration":21.998905000000377,"failureMessages":["AssertionError: expected 500 to be 200 // Object.is equality\n    at /home/nic20/ProjetosWeb/ServiceDesk/tests/integration/auth.test.ts:374:31\n    at file:///home/nic20/ProjetosWeb/ServiceDesk/node_modules/@vitest/runner/dist/chunk-hooks.js:752:20"],"meta":{}},{"ancestorTitles":["Auth API Integration Tests","GET /api/auth/profile"],"fullName":"Auth API Integration Tests GET /api/auth/profile should not expose password hash in profile","status":"failed","title":"should not expose password hash in profile","duration":2.4185160000001815,"failureMessages":["TypeError: Cannot read properties of undefined (reading 'password_hash')\n    at /home/nic20/ProjetosWeb/ServiceDesk/tests/integration/auth.test.ts:389:24\n    at file:///home/nic20/ProjetosWeb/ServiceDesk/node_modules/@vitest/runner/dist/chunk-hooks.js:752:20"],"meta":{}},{"ancestorTitles":["Auth API Integration Tests","PUT /api/auth/profile"],"fullName":"Auth API Integration Tests PUT /api/auth/profile should update user profile","status":"failed","title":"should update user profile","duration":3.0282290000000103,"failureMessages":["AssertionError: expected 500 to be 200 // Object.is equality\n    at /home/nic20/ProjetosWeb/ServiceDesk/tests/integration/auth.test.ts:408:31\n    at file:///home/nic20/ProjetosWeb/ServiceDesk/node_modules/@vitest/runner/dist/chunk-hooks.js:752:20"],"meta":{}},{"ancestorTitles":["Auth API Integration Tests","PUT /api/auth/profile"],"fullName":"Auth API Integration Tests PUT /api/auth/profile should sanitize profile updates to prevent XSS","status":"failed","title":"should sanitize profile updates to prevent XSS","duration":3.865436999999929,"failureMessages":["AssertionError: expected 500 to be 200 // Object.is equality\n    at /home/nic20/ProjetosWeb/ServiceDesk/tests/integration/auth.test.ts:431:31\n    at file:///home/nic20/ProjetosWeb/ServiceDesk/node_modules/@vitest/runner/dist/chunk-hooks.js:752:20"],"meta":{}},{"ancestorTitles":["Auth API Integration Tests","POST /api/auth/logout"],"fullName":"Auth API Integration Tests POST /api/auth/logout should logout successfully","status":"failed","title":"should logout successfully","duration":2.238546000000042,"failureMessages":["AssertionError: expected 500 to be 200 // Object.is equality\n    at /home/nic20/ProjetosWeb/ServiceDesk/tests/integration/auth.test.ts:451:31\n    at file:///home/nic20/ProjetosWeb/ServiceDesk/node_modules/@vitest/runner/dist/chunk-hooks.js:752:20"],"meta":{}},{"ancestorTitles":["Auth API Integration Tests","POST /api/auth/logout"],"fullName":"Auth API Integration Tests POST /api/auth/logout should clear authentication cookies on logout","status":"failed","title":"should clear authentication cookies on logout","duration":1.6874050000001262,"failureMessages":["AssertionError: expected 500 to be 200 // Object.is equality\n    at /home/nic20/ProjetosWeb/ServiceDesk/tests/integration/auth.test.ts:463:31\n    at file:///home/nic20/ProjetosWeb/ServiceDesk/node_modules/@vitest/runner/dist/chunk-hooks.js:752:20"],"meta":{}},{"ancestorTitles":["Auth API Integration Tests","Rate Limiting"],"fullName":"Auth API Integration Tests Rate Limiting should rate limit excessive login attempts","status":"passed","title":"should rate limit excessive login attempts","duration":3.416179999999713,"failureMessages":[],"meta":{}},{"ancestorTitles":["Auth API Integration Tests","Rate Limiting"],"fullName":"Auth API Integration Tests Rate Limiting should rate limit excessive registration attempts","status":"passed","title":"should rate limit excessive registration attempts","duration":2.157952000000023,"failureMessages":[],"meta":{}}],"startTime":1771180419189,"endTime":1771180419313.158,"status":"failed","message":"","name":"/home/nic20/ProjetosWeb/ServiceDesk/tests/integration/auth.test.ts"},{"assertionResults":[],"startTime":1771180416391,"endTime":1771180416391,"status":"failed","message":"[vitest] No \"createTransport\" export is defined on the \"nodemailer\" mock. Did you forget to return it from \"vi.mock\"?\nIf you need to partially mock a module, you can use \"importOriginal\" helper inside:\n","name":"/home/nic20/ProjetosWeb/ServiceDesk/tests/integration/email-automation.test.ts"},{"assertionResults":[{"ancestorTitles":["Knowledge Base API Integration Tests","GET /api/knowledge/articles"],"fullName":"Knowledge Base API Integration Tests GET /api/knowledge/articles should list all published articles","status":"passed","title":"should list all published articles","duration":5.593808999999965,"failureMessages":[],"meta":{}},{"ancestorTitles":["Knowledge Base API Integration Tests","GET /api/knowledge/articles"],"fullName":"Knowledge Base API Integration Tests GET /api/knowledge/articles should not show draft articles to non-authors","status":"passed","title":"should not show draft articles to non-authors","duration":2.965672999999697,"failureMessages":[],"meta":{}},{"ancestorTitles":["Knowledge Base API Integration Tests","GET /api/knowledge/articles"],"fullName":"Knowledge Base API Integration Tests GET /api/knowledge/articles should filter articles by category","status":"passed","title":"should filter articles by category","duration":5.025138999999854,"failureMessages":[],"meta":{}},{"ancestorTitles":["Knowledge Base API Integration Tests","GET /api/knowledge/articles"],"fullName":"Knowledge Base API Integration Tests GET /api/knowledge/articles should search articles by keyword","status":"failed","title":"should search articles by keyword","duration":10.565016000000014,"failureMessages":["AssertionError: expected false to be true // Object.is equality\n    at /home/nic20/ProjetosWeb/ServiceDesk/tests/integration/knowledge.test.ts:138:21\n    at file:///home/nic20/ProjetosWeb/ServiceDesk/node_modules/@vitest/runner/dist/chunk-hooks.js:752:20"],"meta":{}},{"ancestorTitles":["Knowledge Base API Integration Tests","GET /api/knowledge/articles"],"fullName":"Knowledge Base API Integration Tests GET /api/knowledge/articles should paginate results","status":"failed","title":"should paginate results","duration":6.9488309999997,"failureMessages":["SqliteError: UNIQUE constraint failed: kb_articles.tenant_id, kb_articles.slug\n    at Module.createTestArticle (/home/nic20/ProjetosWeb/ServiceDesk/tests/integration/setup.ts:274:6)\n    at /home/nic20/ProjetosWeb/ServiceDesk/tests/integration/knowledge.test.ts:144:9\n    at file:///home/nic20/ProjetosWeb/ServiceDesk/node_modules/@vitest/runner/dist/chunk-hooks.js:155:11\n    at file:///home/nic20/ProjetosWeb/ServiceDesk/node_modules/@vitest/runner/dist/chunk-hooks.js:752:26\n    at file:///home/nic20/ProjetosWeb/ServiceDesk/node_modules/@vitest/runner/dist/chunk-hooks.js:1897:20\n    at new Promise (<anonymous>)\n    at runWithTimeout (file:///home/nic20/ProjetosWeb/ServiceDesk/node_modules/@vitest/runner/dist/chunk-hooks.js:1863:10)\n    at runTest (file:///home/nic20/ProjetosWeb/ServiceDesk/node_modules/@vitest/runner/dist/chunk-hooks.js:1574:12)\n    at runSuite (file:///home/nic20/ProjetosWeb/ServiceDesk/node_modules/@vitest/runner/dist/chunk-hooks.js:1729:8)\n    at runSuite (file:///home/nic20/ProjetosWeb/ServiceDesk/node_modules/@vitest/runner/dist/chunk-hooks.js:1729:8)"],"meta":{}},{"ancestorTitles":["Knowledge Base API Integration Tests","GET /api/knowledge/articles"],"fullName":"Knowledge Base API Integration Tests GET /api/knowledge/articles should show featured articles first","status":"failed","title":"should show featured articles first","duration":1.475137999999788,"failureMessages":["SqliteError: UNIQUE constraint failed: kb_articles.tenant_id, kb_articles.slug\n    at Module.createTestArticle (/home/nic20/ProjetosWeb/ServiceDesk/tests/integration/setup.ts:274:6)\n    at /home/nic20/ProjetosWeb/ServiceDesk/tests/integration/knowledge.test.ts:175:26\n    at file:///home/nic20/ProjetosWeb/ServiceDesk/node_modules/@vitest/runner/dist/chunk-hooks.js:155:11\n    at file:///home/nic20/ProjetosWeb/ServiceDesk/node_modules/@vitest/runner/dist/chunk-hooks.js:752:26\n    at file:///home/nic20/ProjetosWeb/ServiceDesk/node_modules/@vitest/runner/dist/chunk-hooks.js:1897:20\n    at new Promise (<anonymous>)\n    at runWithTimeout (file:///home/nic20/ProjetosWeb/ServiceDesk/node_modules/@vitest/runner/dist/chunk-hooks.js:1863:10)\n    at runTest (file:///home/nic20/ProjetosWeb/ServiceDesk/node_modules/@vitest/runner/dist/chunk-hooks.js:1574:12)\n    at runSuite (file:///home/nic20/ProjetosWeb/ServiceDesk/node_modules/@vitest/runner/dist/chunk-hooks.js:1729:8)\n    at runSuite (file:///home/nic20/ProjetosWeb/ServiceDesk/node_modules/@vitest/runner/dist/chunk-hooks.js:1729:8)"],"meta":{}},{"ancestorTitles":["Knowledge Base API Integration Tests","GET /api/knowledge/articles"],"fullName":"Knowledge Base API Integration Tests GET /api/knowledge/articles should enforce tenant isolation","status":"passed","title":"should enforce tenant isolation","duration":2.2786999999998443,"failureMessages":[],"meta":{}},{"ancestorTitles":["Knowledge Base API Integration Tests","POST /api/knowledge/articles"],"fullName":"Knowledge Base API Integration Tests POST /api/knowledge/articles should create new article (admin/agent only)","status":"failed","title":"should create new article (admin/agent only)","duration":14.941886000000068,"failureMessages":["AssertionError: expected 403 to be 200 // Object.is equality\n    at /home/nic20/ProjetosWeb/ServiceDesk/tests/integration/knowledge.test.ts:234:31\n    at file:///home/nic20/ProjetosWeb/ServiceDesk/node_modules/@vitest/runner/dist/chunk-hooks.js:752:20"],"meta":{}},{"ancestorTitles":["Knowledge Base API Integration Tests","POST /api/knowledge/articles"],"fullName":"Knowledge Base API Integration Tests POST /api/knowledge/articles should generate unique slug from title","status":"failed","title":"should generate unique slug from title","duration":23.874017000000094,"failureMessages":["AssertionError: expected 403 to be 200 // Object.is equality\n    at /home/nic20/ProjetosWeb/ServiceDesk/tests/integration/knowledge.test.ts:272:32\n    at file:///home/nic20/ProjetosWeb/ServiceDesk/node_modules/@vitest/runner/dist/chunk-hooks.js:752:20"],"meta":{}},{"ancestorTitles":["Knowledge Base API Integration Tests","POST /api/knowledge/articles"],"fullName":"Knowledge Base API Integration Tests POST /api/knowledge/articles should create article with tags","status":"failed","title":"should create article with tags","duration":3.913612999999714,"failureMessages":["AssertionError: expected 403 to be 200 // Object.is equality\n    at /home/nic20/ProjetosWeb/ServiceDesk/tests/integration/knowledge.test.ts:293:31\n    at file:///home/nic20/ProjetosWeb/ServiceDesk/node_modules/@vitest/runner/dist/chunk-hooks.js:752:20"],"meta":{}},{"ancestorTitles":["Knowledge Base API Integration Tests","POST /api/knowledge/articles"],"fullName":"Knowledge Base API Integration Tests POST /api/knowledge/articles should prevent regular users from creating articles","status":"passed","title":"should prevent regular users from creating articles","duration":2.4666120000001683,"failureMessages":[],"meta":{}},{"ancestorTitles":["Knowledge Base API Integration Tests","POST /api/knowledge/articles"],"fullName":"Knowledge Base API Integration Tests POST /api/knowledge/articles should validate required fields","status":"failed","title":"should validate required fields","duration":8.59124299999985,"failureMessages":["AssertionError: expected 403 to be 400 // Object.is equality\n    at /home/nic20/ProjetosWeb/ServiceDesk/tests/integration/knowledge.test.ts:334:31\n    at file:///home/nic20/ProjetosWeb/ServiceDesk/node_modules/@vitest/runner/dist/chunk-hooks.js:752:20"],"meta":{}},{"ancestorTitles":["Knowledge Base API Integration Tests","POST /api/knowledge/articles"],"fullName":"Knowledge Base API Integration Tests POST /api/knowledge/articles should set published_at when status is published","status":"failed","title":"should set published_at when status is published","duration":7.993909999999687,"failureMessages":["TypeError: Cannot read properties of undefined (reading 'published_at')\n    at /home/nic20/ProjetosWeb/ServiceDesk/tests/integration/knowledge.test.ts:356:22\n    at file:///home/nic20/ProjetosWeb/ServiceDesk/node_modules/@vitest/runner/dist/chunk-hooks.js:752:20"],"meta":{}},{"ancestorTitles":["Knowledge Base API Integration Tests","POST /api/knowledge/articles"],"fullName":"Knowledge Base API Integration Tests POST /api/knowledge/articles should not set published_at for draft articles","status":"failed","title":"should not set published_at for draft articles","duration":12.749135999999908,"failureMessages":["TypeError: Cannot read properties of undefined (reading 'published_at')\n    at /home/nic20/ProjetosWeb/ServiceDesk/tests/integration/knowledge.test.ts:377:22\n    at file:///home/nic20/ProjetosWeb/ServiceDesk/node_modules/@vitest/runner/dist/chunk-hooks.js:752:20"],"meta":{}},{"ancestorTitles":["Knowledge Base API Integration Tests","GET /api/knowledge/articles/[slug]"],"fullName":"Knowledge Base API Integration Tests GET /api/knowledge/articles/[slug] should get article by slug","status":"failed","title":"should get article by slug","duration":10.632854999999836,"failureMessages":["AssertionError: expected 404 to be 200 // Object.is equality\n    at /home/nic20/ProjetosWeb/ServiceDesk/tests/integration/knowledge.test.ts:401:31\n    at file:///home/nic20/ProjetosWeb/ServiceDesk/node_modules/@vitest/runner/dist/chunk-hooks.js:752:20"],"meta":{}},{"ancestorTitles":["Knowledge Base API Integration Tests","GET /api/knowledge/articles/[slug]"],"fullName":"Knowledge Base API Integration Tests GET /api/knowledge/articles/[slug] should increment view count on each view","status":"failed","title":"should increment view count on each view","duration":11.623729999999796,"failureMessages":["AssertionError: expected 0 to be greater than 0\n    at /home/nic20/ProjetosWeb/ServiceDesk/tests/integration/knowledge.test.ts:432:37\n    at file:///home/nic20/ProjetosWeb/ServiceDesk/node_modules/@vitest/runner/dist/chunk-hooks.js:752:20"],"meta":{}},{"ancestorTitles":["Knowledge Base API Integration Tests","GET /api/knowledge/articles/[slug]"],"fullName":"Knowledge Base API Integration Tests GET /api/knowledge/articles/[slug] should return 404 for non-existent article","status":"passed","title":"should return 404 for non-existent article","duration":1.1183740000001308,"failureMessages":[],"meta":{}},{"ancestorTitles":["Knowledge Base API Integration Tests","GET /api/knowledge/articles/[slug]"],"fullName":"Knowledge Base API Integration Tests GET /api/knowledge/articles/[slug] should include author information","status":"failed","title":"should include author information","duration":6.007337000000007,"failureMessages":["TypeError: Cannot read properties of undefined (reading 'author_name')\n    at /home/nic20/ProjetosWeb/ServiceDesk/tests/integration/knowledge.test.ts:467:27\n    at file:///home/nic20/ProjetosWeb/ServiceDesk/node_modules/@vitest/runner/dist/chunk-hooks.js:752:20"],"meta":{}},{"ancestorTitles":["Knowledge Base API Integration Tests","GET /api/knowledge/categories"],"fullName":"Knowledge Base API Integration Tests GET /api/knowledge/categories should list all active categories","status":"passed","title":"should list all active categories","duration":1.4695019999999204,"failureMessages":[],"meta":{}},{"ancestorTitles":["Knowledge Base API Integration Tests","GET /api/knowledge/categories"],"fullName":"Knowledge Base API Integration Tests GET /api/knowledge/categories should include article count per category","status":"passed","title":"should include article count per category","duration":0.7220330000000104,"failureMessages":[],"meta":{}},{"ancestorTitles":["Knowledge Base API Integration Tests","GET /api/knowledge/categories"],"fullName":"Knowledge Base API Integration Tests GET /api/knowledge/categories should enforce tenant isolation","status":"failed","title":"should enforce tenant isolation","duration":1.016446999999971,"failureMessages":["AssertionError: expected undefined to be 1 // Object.is equality\n    at /home/nic20/ProjetosWeb/ServiceDesk/tests/integration/knowledge.test.ts:511:38\n    at Array.forEach (<anonymous>)\n    at /home/nic20/ProjetosWeb/ServiceDesk/tests/integration/knowledge.test.ts:510:25\n    at file:///home/nic20/ProjetosWeb/ServiceDesk/node_modules/@vitest/runner/dist/chunk-hooks.js:752:20"],"meta":{}},{"ancestorTitles":["Knowledge Base API Integration Tests","GET /api/knowledge/search"],"fullName":"Knowledge Base API Integration Tests GET /api/knowledge/search should search articles by query","status":"failed","title":"should search articles by query","duration":31.81267200000002,"failureMessages":["AssertionError: expected 500 to be 200 // Object.is equality\n    at /home/nic20/ProjetosWeb/ServiceDesk/tests/integration/knowledge.test.ts:533:31\n    at file:///home/nic20/ProjetosWeb/ServiceDesk/node_modules/@vitest/runner/dist/chunk-hooks.js:752:20"],"meta":{}},{"ancestorTitles":["Knowledge Base API Integration Tests","GET /api/knowledge/search"],"fullName":"Knowledge Base API Integration Tests GET /api/knowledge/search should search in title, content, and keywords","status":"failed","title":"should search in title, content, and keywords","duration":11.111971999999696,"failureMessages":["AssertionError: expected 500 to be 200 // Object.is equality\n    at /home/nic20/ProjetosWeb/ServiceDesk/tests/integration/knowledge.test.ts:560:31\n    at file:///home/nic20/ProjetosWeb/ServiceDesk/node_modules/@vitest/runner/dist/chunk-hooks.js:752:20"],"meta":{}},{"ancestorTitles":["Knowledge Base API Integration Tests","GET /api/knowledge/search"],"fullName":"Knowledge Base API Integration Tests GET /api/knowledge/search should return empty results for non-matching query","status":"failed","title":"should return empty results for non-matching query","duration":6.976474999999937,"failureMessages":["AssertionError: expected 500 to be 200 // Object.is equality\n    at /home/nic20/ProjetosWeb/ServiceDesk/tests/integration/knowledge.test.ts:573:31\n    at file:///home/nic20/ProjetosWeb/ServiceDesk/node_modules/@vitest/runner/dist/chunk-hooks.js:752:20"],"meta":{}},{"ancestorTitles":["Knowledge Base API Integration Tests","GET /api/knowledge/search"],"fullName":"Knowledge Base API Integration Tests GET /api/knowledge/search should only search published articles","status":"failed","title":"should only search published articles","duration":6.188505999999961,"failureMessages":["AssertionError: expected undefined to be false // Object.is equality\n    at /home/nic20/ProjetosWeb/ServiceDesk/tests/integration/knowledge.test.ts:595:26\n    at file:///home/nic20/ProjetosWeb/ServiceDesk/node_modules/@vitest/runner/dist/chunk-hooks.js:752:20"],"meta":{}},{"ancestorTitles":["Knowledge Base API Integration Tests","Article Feedback"],"fullName":"Knowledge Base API Integration Tests Article Feedback should track helpful votes","status":"passed","title":"should track helpful votes","duration":0.863854999999603,"failureMessages":[],"meta":{}},{"ancestorTitles":["Knowledge Base API Integration Tests","Article Feedback"],"fullName":"Knowledge Base API Integration Tests Article Feedback should track not helpful votes","status":"passed","title":"should track not helpful votes","duration":0.3651169999998274,"failureMessages":[],"meta":{}}],"startTime":1771180419624,"endTime":1771180419825.3652,"status":"failed","message":"","name":"/home/nic20/ProjetosWeb/ServiceDesk/tests/integration/knowledge.test.ts"},{"assertionResults":[{"ancestorTitles":["Tickets API Integration Tests","POST /api/tickets/create"],"fullName":"Tickets API Integration Tests POST /api/tickets/create should create a new ticket successfully","status":"failed","title":"should create a new ticket successfully","duration":38.09796000000006,"failureMessages":["AssertionError: expected 500 to be 200 // Object.is equality\n    at /home/nic20/ProjetosWeb/ServiceDesk/tests/integration/tickets.test.ts:39:31\n    at file:///home/nic20/ProjetosWeb/ServiceDesk/node_modules/@vitest/runner/dist/chunk-hooks.js:752:20"],"meta":{}},{"ancestorTitles":["Tickets API Integration Tests","POST /api/tickets/create"],"fullName":"Tickets API Integration Tests POST /api/tickets/create should require authentication to create ticket","status":"passed","title":"should require authentication to create ticket","duration":9.559925999999905,"failureMessages":[],"meta":{}},{"ancestorTitles":["Tickets API Integration Tests","POST /api/tickets/create"],"fullName":"Tickets API Integration Tests POST /api/tickets/create should validate required fields","status":"passed","title":"should validate required fields","duration":6.140768000000207,"failureMessages":[],"meta":{}},{"ancestorTitles":["Tickets API Integration Tests","POST /api/tickets/create"],"fullName":"Tickets API Integration Tests POST /api/tickets/create should enforce tenant isolation","status":"failed","title":"should enforce tenant isolation","duration":8.162791000000198,"failureMessages":["AssertionError: expected 500 to be 404 // Object.is equality\n    at /home/nic20/ProjetosWeb/ServiceDesk/tests/integration/tickets.test.ts:100:31\n    at file:///home/nic20/ProjetosWeb/ServiceDesk/node_modules/@vitest/runner/dist/chunk-hooks.js:752:20"],"meta":{}},{"ancestorTitles":["Tickets API Integration Tests","POST /api/tickets/create"],"fullName":"Tickets API Integration Tests POST /api/tickets/create should create audit log entry on ticket creation","status":"failed","title":"should create audit log entry on ticket creation","duration":8.728296999999657,"failureMessages":["AssertionError: expected undefined to be defined\n    at /home/nic20/ProjetosWeb/ServiceDesk/tests/integration/tickets.test.ts:126:24\n    at file:///home/nic20/ProjetosWeb/ServiceDesk/node_modules/@vitest/runner/dist/chunk-hooks.js:752:20"],"meta":{}},{"ancestorTitles":["Tickets API Integration Tests","POST /api/tickets/create"],"fullName":"Tickets API Integration Tests POST /api/tickets/create should auto-assign ticket based on workflow","status":"failed","title":"should auto-assign ticket based on workflow","duration":5.713842000000113,"failureMessages":["AssertionError: expected 500 to be 200 // Object.is equality\n    at /home/nic20/ProjetosWeb/ServiceDesk/tests/integration/tickets.test.ts:145:31\n    at file:///home/nic20/ProjetosWeb/ServiceDesk/node_modules/@vitest/runner/dist/chunk-hooks.js:752:20"],"meta":{}},{"ancestorTitles":["Tickets API Integration Tests","GET /api/tickets"],"fullName":"Tickets API Integration Tests GET /api/tickets should list all tickets for authenticated user","status":"failed","title":"should list all tickets for authenticated user","duration":4.383858000000146,"failureMessages":["AssertionError: expected 0 to be greater than or equal to 2\n    at /home/nic20/ProjetosWeb/ServiceDesk/tests/integration/tickets.test.ts:175:35\n    at file:///home/nic20/ProjetosWeb/ServiceDesk/node_modules/@vitest/runner/dist/chunk-hooks.js:752:20"],"meta":{}},{"ancestorTitles":["Tickets API Integration Tests","GET /api/tickets"],"fullName":"Tickets API Integration Tests GET /api/tickets should filter tickets by status","status":"passed","title":"should filter tickets by status","duration":2.165461999999934,"failureMessages":[],"meta":{}},{"ancestorTitles":["Tickets API Integration Tests","GET /api/tickets"],"fullName":"Tickets API Integration Tests GET /api/tickets should paginate results","status":"passed","title":"should paginate results","duration":2.855528999999933,"failureMessages":[],"meta":{}},{"ancestorTitles":["Tickets API Integration Tests","GET /api/tickets"],"fullName":"Tickets API Integration Tests GET /api/tickets should enforce tenant isolation","status":"passed","title":"should enforce tenant isolation","duration":2.130424999999832,"failureMessages":[],"meta":{}},{"ancestorTitles":["Tickets API Integration Tests","GET /api/tickets/[id]"],"fullName":"Tickets API Integration Tests GET /api/tickets/[id] should get ticket by id","status":"failed","title":"should get ticket by id","duration":2.8289880000002086,"failureMessages":["AssertionError: expected 404 to be 200 // Object.is equality\n    at /home/nic20/ProjetosWeb/ServiceDesk/tests/integration/tickets.test.ts:271:31\n    at file:///home/nic20/ProjetosWeb/ServiceDesk/node_modules/@vitest/runner/dist/chunk-hooks.js:752:20"],"meta":{}},{"ancestorTitles":["Tickets API Integration Tests","GET /api/tickets/[id]"],"fullName":"Tickets API Integration Tests GET /api/tickets/[id] should return 404 for non-existent ticket","status":"passed","title":"should return 404 for non-existent ticket","duration":2.023610999999619,"failureMessages":[],"meta":{}},{"ancestorTitles":["Tickets API Integration Tests","GET /api/tickets/[id]"],"fullName":"Tickets API Integration Tests GET /api/tickets/[id] should include related data (category, priority, status)","status":"failed","title":"should include related data (category, priority, status)","duration":2.268289999999979,"failureMessages":["TypeError: Cannot read properties of undefined (reading 'category_name')\n    at /home/nic20/ProjetosWeb/ServiceDesk/tests/integration/tickets.test.ts:309:26\n    at file:///home/nic20/ProjetosWeb/ServiceDesk/node_modules/@vitest/runner/dist/chunk-hooks.js:752:20"],"meta":{}},{"ancestorTitles":["Tickets API Integration Tests","PUT /api/tickets/[id]"],"fullName":"Tickets API Integration Tests PUT /api/tickets/[id] should update ticket","status":"failed","title":"should update ticket","duration":7.200999000000138,"failureMessages":["AssertionError: expected 'Original Title' to be 'Updated Title' // Object.is equality\n    at /home/nic20/ProjetosWeb/ServiceDesk/tests/integration/tickets.test.ts:345:28\n    at file:///home/nic20/ProjetosWeb/ServiceDesk/node_modules/@vitest/runner/dist/chunk-hooks.js:752:20"],"meta":{}},{"ancestorTitles":["Tickets API Integration Tests","PUT /api/tickets/[id]"],"fullName":"Tickets API Integration Tests PUT /api/tickets/[id] should create audit log on ticket update","status":"failed","title":"should create audit log on ticket update","duration":3.5429579999999987,"failureMessages":["AssertionError: expected undefined to be defined\n    at /home/nic20/ProjetosWeb/ServiceDesk/tests/integration/tickets.test.ts:377:24\n    at file:///home/nic20/ProjetosWeb/ServiceDesk/node_modules/@vitest/runner/dist/chunk-hooks.js:752:20"],"meta":{}},{"ancestorTitles":["Tickets API Integration Tests","PUT /api/tickets/[id]"],"fullName":"Tickets API Integration Tests PUT /api/tickets/[id] should enforce permissions - users can only update their own tickets","status":"passed","title":"should enforce permissions - users can only update their own tickets","duration":3.1305209999995895,"failureMessages":[],"meta":{}},{"ancestorTitles":["Tickets API Integration Tests","POST /api/tickets/[id]/comments"],"fullName":"Tickets API Integration Tests POST /api/tickets/[id]/comments should add comment to ticket","status":"failed","title":"should add comment to ticket","duration":4.72571199999993,"failureMessages":["AssertionError: expected 401 to be 200 // Object.is equality\n    at /home/nic20/ProjetosWeb/ServiceDesk/tests/integration/tickets.test.ts:478:31\n    at file:///home/nic20/ProjetosWeb/ServiceDesk/node_modules/@vitest/runner/dist/chunk-hooks.js:752:20"],"meta":{}},{"ancestorTitles":["Tickets API Integration Tests","POST /api/tickets/[id]/comments"],"fullName":"Tickets API Integration Tests POST /api/tickets/[id]/comments should prevent empty comments","status":"failed","title":"should prevent empty comments","duration":4.4944799999998395,"failureMessages":["AssertionError: expected 401 to be 400 // Object.is equality\n    at /home/nic20/ProjetosWeb/ServiceDesk/tests/integration/tickets.test.ts:507:31\n    at file:///home/nic20/ProjetosWeb/ServiceDesk/node_modules/@vitest/runner/dist/chunk-hooks.js:752:20"],"meta":{}},{"ancestorTitles":["Tickets API Integration Tests","GET /api/tickets/[id]/comments"],"fullName":"Tickets API Integration Tests GET /api/tickets/[id]/comments should get all comments for a ticket","status":"failed","title":"should get all comments for a ticket","duration":3.2115410000001248,"failureMessages":["AssertionError: expected 401 to be 200 // Object.is equality\n    at /home/nic20/ProjetosWeb/ServiceDesk/tests/integration/tickets.test.ts:537:31\n    at file:///home/nic20/ProjetosWeb/ServiceDesk/node_modules/@vitest/runner/dist/chunk-hooks.js:752:20"],"meta":{}},{"ancestorTitles":["Tickets API Integration Tests","GET /api/tickets/[id]/comments"],"fullName":"Tickets API Integration Tests GET /api/tickets/[id]/comments should include user information in comments","status":"failed","title":"should include user information in comments","duration":3.0694980000002943,"failureMessages":["TypeError: Cannot read properties of undefined (reading '0')\n    at /home/nic20/ProjetosWeb/ServiceDesk/tests/integration/tickets.test.ts:564:19\n    at file:///home/nic20/ProjetosWeb/ServiceDesk/node_modules/@vitest/runner/dist/chunk-hooks.js:752:20"],"meta":{}},{"ancestorTitles":["Tickets API Integration Tests","SLA Tracking"],"fullName":"Tickets API Integration Tests SLA Tracking should track SLA for new tickets","status":"failed","title":"should track SLA for new tickets","duration":1.189321000000291,"failureMessages":["AssertionError: expected undefined to be defined\n    at /home/nic20/ProjetosWeb/ServiceDesk/tests/integration/tickets.test.ts:582:27\n    at file:///home/nic20/ProjetosWeb/ServiceDesk/node_modules/@vitest/runner/dist/chunk-hooks.js:155:11\n    at file:///home/nic20/ProjetosWeb/ServiceDesk/node_modules/@vitest/runner/dist/chunk-hooks.js:752:26\n    at file:///home/nic20/ProjetosWeb/ServiceDesk/node_modules/@vitest/runner/dist/chunk-hooks.js:1897:20\n    at new Promise (<anonymous>)\n    at runWithTimeout (file:///home/nic20/ProjetosWeb/ServiceDesk/node_modules/@vitest/runner/dist/chunk-hooks.js:1863:10)\n    at runTest (file:///home/nic20/ProjetosWeb/ServiceDesk/node_modules/@vitest/runner/dist/chunk-hooks.js:1574:12)\n    at runSuite (file:///home/nic20/ProjetosWeb/ServiceDesk/node_modules/@vitest/runner/dist/chunk-hooks.js:1729:8)\n    at runSuite (file:///home/nic20/ProjetosWeb/ServiceDesk/node_modules/@vitest/runner/dist/chunk-hooks.js:1729:8)\n    at runSuite (file:///home/nic20/ProjetosWeb/ServiceDesk/node_modules/@vitest/runner/dist/chunk-hooks.js:1729:8)"],"meta":{}}],"startTime":1771180419937,"endTime":1771180420064.1892,"status":"failed","message":"","name":"/home/nic20/ProjetosWeb/ServiceDesk/tests/integration/tickets.test.ts"},{"assertionResults":[{"ancestorTitles":["Rate Limiting System","applyRateLimit"],"fullName":"Rate Limiting System applyRateLimit should allow requests within limit","status":"passed","title":"should allow requests within limit","duration":64.34111699999994,"failureMessages":[],"meta":{}},{"ancestorTitles":["Rate Limiting System","applyRateLimit"],"fullName":"Rate Limiting System applyRateLimit should block requests when limit exceeded","status":"passed","title":"should block requests when limit exceeded","duration":41.94898999999987,"failureMessages":[],"meta":{}},{"ancestorTitles":["Rate Limiting System","applyRateLimit"],"fullName":"Rate Limiting System applyRateLimit should reset limit after window expires","status":"skipped","title":"should reset limit after window expires","failureMessages":[],"meta":{}},{"ancestorTitles":["Rate Limiting System","applyRateLimit"],"fullName":"Rate Limiting System applyRateLimit should handle different IPs independently","status":"passed","title":"should handle different IPs independently","duration":64.98527800000011,"failureMessages":[],"meta":{}},{"ancestorTitles":["Rate Limiting System","resetRateLimit"],"fullName":"Rate Limiting System resetRateLimit should reset rate limit for specific key","status":"passed","title":"should reset rate limit for specific key","duration":42.138337999999976,"failureMessages":[],"meta":{}},{"ancestorTitles":["Rate Limiting System","Rate limit configurations"],"fullName":"Rate Limiting System Rate limit configurations should have correct default configurations","status":"passed","title":"should have correct default configurations","duration":25.150507999999945,"failureMessages":[],"meta":{}},{"ancestorTitles":["Rate Limiting System","Error handling"],"fullName":"Rate Limiting System Error handling should handle errors gracefully","status":"passed","title":"should handle errors gracefully","duration":29.37815999999998,"failureMessages":[],"meta":{}}],"startTime":1771180418987,"endTime":1771180419255.3782,"status":"passed","message":"","name":"/home/nic20/ProjetosWeb/ServiceDesk/tests/lib/rate-limit.test.ts"},{"assertionResults":[{"ancestorTitles":["Security Headers Tests","HTTP Strict Transport Security (HSTS)"],"fullName":"Security Headers Tests HTTP Strict Transport Security (HSTS) should have HSTS header with proper configuration","status":"passed","title":"should have HSTS header with proper configuration","duration":3.8149550000000545,"failureMessages":[],"meta":{}},{"ancestorTitles":["Security Headers Tests","HTTP Strict Transport Security (HSTS)"],"fullName":"Security Headers Tests HTTP Strict Transport Security (HSTS) should have correct HSTS max-age value","status":"passed","title":"should have correct HSTS max-age value","duration":0.6131039999999075,"failureMessages":[],"meta":{}},{"ancestorTitles":["Security Headers Tests","X-Frame-Options"],"fullName":"Security Headers Tests X-Frame-Options should have X-Frame-Options header to prevent clickjacking","status":"passed","title":"should have X-Frame-Options header to prevent clickjacking","duration":0.8952090000000226,"failureMessages":[],"meta":{}},{"ancestorTitles":["Security Headers Tests","X-Frame-Options"],"fullName":"Security Headers Tests X-Frame-Options should default to DENY for maximum security","status":"passed","title":"should default to DENY for maximum security","duration":0.3180240000000367,"failureMessages":[],"meta":{}},{"ancestorTitles":["Security Headers Tests","X-Content-Type-Options"],"fullName":"Security Headers Tests X-Content-Type-Options should have X-Content-Type-Options: nosniff","status":"passed","title":"should have X-Content-Type-Options: nosniff","duration":0.34552499999995234,"failureMessages":[],"meta":{}},{"ancestorTitles":["Security Headers Tests","X-Content-Type-Options"],"fullName":"Security Headers Tests X-Content-Type-Options should be enabled in default config","status":"passed","title":"should be enabled in default config","duration":0.2398999999999205,"failureMessages":[],"meta":{}},{"ancestorTitles":["Security Headers Tests","Content-Security-Policy (CSP)"],"fullName":"Security Headers Tests Content-Security-Policy (CSP) should have Content-Security-Policy header","status":"passed","title":"should have Content-Security-Policy header","duration":0.21756600000003345,"failureMessages":[],"meta":{}},{"ancestorTitles":["Security Headers Tests","Content-Security-Policy (CSP)"],"fullName":"Security Headers Tests Content-Security-Policy (CSP) should have restrictive default-src directive","status":"passed","title":"should have restrictive default-src directive","duration":0.41028800000003685,"failureMessages":[],"meta":{}},{"ancestorTitles":["Security Headers Tests","Content-Security-Policy (CSP)"],"fullName":"Security Headers Tests Content-Security-Policy (CSP) should restrict script sources","status":"passed","title":"should restrict script sources","duration":0.38983299999995324,"failureMessages":[],"meta":{}},{"ancestorTitles":["Security Headers Tests","Content-Security-Policy (CSP)"],"fullName":"Security Headers Tests Content-Security-Policy (CSP) should restrict frame sources to prevent clickjacking","status":"passed","title":"should restrict frame sources to prevent clickjacking","duration":0.4392970000000105,"failureMessages":[],"meta":{}},{"ancestorTitles":["Security Headers Tests","Content-Security-Policy (CSP)"],"fullName":"Security Headers Tests Content-Security-Policy (CSP) should have object-src set to none","status":"passed","title":"should have object-src set to none","duration":0.8490269999999782,"failureMessages":[],"meta":{}},{"ancestorTitles":["Security Headers Tests","Content-Security-Policy (CSP)"],"fullName":"Security Headers Tests Content-Security-Policy (CSP) should have base-uri restricted","status":"passed","title":"should have base-uri restricted","duration":0.343003000000067,"failureMessages":[],"meta":{}},{"ancestorTitles":["Security Headers Tests","Referrer-Policy"],"fullName":"Security Headers Tests Referrer-Policy should have Referrer-Policy header","status":"passed","title":"should have Referrer-Policy header","duration":0.2700760000000173,"failureMessages":[],"meta":{}},{"a
[...]
ser\" for registration","status":"passed","title":"should use default role of \"user\" for registration","duration":153.54265699999996,"failureMessages":[],"meta":{}},{"ancestorTitles":["POST /api/auth/register","Security Features"],"fullName":"POST /api/auth/register Security Features should not allow privilege escalation via role parameter","status":"passed","title":"should not allow privilege escalation via role parameter","duration":153.51782900000035,"failureMessages":[],"meta":{}},{"ancestorTitles":["POST /api/auth/register","Security Features"],"fullName":"POST /api/auth/register Security Features should set is_active to 1 by default","status":"passed","title":"should set is_active to 1 by default","duration":153.7073220000002,"failureMessages":[],"meta":{}},{"ancestorTitles":["POST /api/auth/register","Security Features"],"fullName":"POST /api/auth/register Security Features should set must_change_password to 0 by default","status":"passed","title":"should set must_change_password to 0 by default","duration":153.49959800000033,"failureMessages":[],"meta":{}}],"startTime":1771180419089,"endTime":1771180422973.4995,"status":"passed","message":"","name":"/home/nic20/ProjetosWeb/ServiceDesk/app/api/auth/__tests__/register.test.ts"},{"assertionResults":[{"ancestorTitles":["Auth Verify Routes","GET /api/auth/verify","Valid Token Verification"],"fullName":"Auth Verify Routes GET /api/auth/verify Valid Token Verification should verify valid token from cookie","status":"passed","title":"should verify valid token from cookie","duration":16.783621999999923,"failureMessages":[],"meta":{}},{"ancestorTitles":["Auth Verify Routes","GET /api/auth/verify","Valid Token Verification"],"fullName":"Auth Verify Routes GET /api/auth/verify Valid Token Verification should verify valid token from Authorization header","status":"passed","title":"should verify valid token from Authorization header","duration":3.598337999999785,"failureMessages":[],"meta":{}},{"ancestorTitles":["Auth Verify Routes","GET /api/auth/verify","Valid Token Verification"],"fullName":"Auth Verify Routes GET /api/auth/verify Valid Token Verification should not expose sensitive user data","status":"passed","title":"should not expose sensitive user data","duration":1.800836000000345,"failureMessages":[],"meta":{}},{"ancestorTitles":["Auth Verify Routes","GET /api/auth/verify","Valid Token Verification"],"fullName":"Auth Verify Routes GET /api/auth/verify Valid Token Verification should work for all user roles","status":"passed","title":"should work for all user roles","duration":4.387004000000161,"failureMessages":[],"meta":{}},{"ancestorTitles":["Auth Verify Routes","GET /api/auth/verify","Invalid Token Handling"],"fullName":"Auth Verify Routes GET /api/auth/verify Invalid Token Handling should reject request with no token","status":"passed","title":"should reject request with no token","duration":1.1714109999998072,"failureMessages":[],"meta":{}},{"ancestorTitles":["Auth Verify Routes","GET /api/auth/verify","Invalid Token Handling"],"fullName":"Auth Verify Routes GET /api/auth/verify Invalid Token Handling should reject invalid token format","status":"passed","title":"should reject invalid token format","duration":1.1977999999999156,"failureMessages":[],"meta":{}},{"ancestorTitles":["Auth Verify Routes","GET /api/auth/verify","Invalid Token Handling"],"fullName":"Auth Verify Routes GET /api/auth/verify Invalid Token Handling should reject expired token","status":"passed","title":"should reject expired token","duration":2.069427999999789,"failureMessages":[],"meta":{}},{"ancestorTitles":["Auth Verify Routes","GET /api/auth/verify","Invalid Token Handling"],"fullName":"Auth Verify Routes GET /api/auth/verify Invalid Token Handling should reject token with wrong signature","status":"passed","title":"should reject token with wrong signature","duration":1.9990950000001249,"failureMessages":[],"meta":{}},{"ancestorTitles":["Auth Verify Routes","GET /api/auth/verify","Invalid Token Handling"],"fullName":"Auth Verify Routes GET /api/auth/verify Invalid Token Handling should reject token for non-existent user","status":"passed","title":"should reject token for non-existent user","duration":2.2309150000000955,"failureMessages":[],"meta":{}},{"ancestorTitles":["Auth Verify Routes","GET /api/auth/verify","Rate Limiting"],"fullName":"Auth Verify Routes GET /api/auth/verify Rate Limiting should allow reasonable verification requests","status":"passed","title":"should allow reasonable verification requests","duration":10.436011000000235,"failureMessages":[],"meta":{}},{"ancestorTitles":["Auth Verify Routes","GET /api/auth/verify","Rate Limiting"],"fullName":"Auth Verify Routes GET /api/auth/verify Rate Limiting should rate limit excessive verification requests","status":"passed","title":"should rate limit excessive verification requests","duration":52.76256999999987,"failureMessages":[],"meta":{}},{"ancestorTitles":["Auth Verify Routes","POST /api/auth/verify","Valid Token Verification"],"fullName":"Auth Verify Routes POST /api/auth/verify Valid Token Verification should verify token from request body","status":"passed","title":"should verify token from request body","duration":2.83882100000028,"failureMessages":[],"meta":{}},{"ancestorTitles":["Auth Verify Routes","POST /api/auth/verify","Valid Token Verification"],"fullName":"Auth Verify Routes POST /api/auth/verify Valid Token Verification should return user data without sensitive fields","status":"passed","title":"should return user data without sensitive fields","duration":2.235508000000209,"failureMessages":[],"meta":{}},{"ancestorTitles":["Auth Verify Routes","POST /api/auth/verify","Invalid Token Handling"],"fullName":"Auth Verify Routes POST /api/auth/verify Invalid Token Handling should reject request without token in body","status":"passed","title":"should reject request without token in body","duration":1.4213079999999536,"failureMessages":[],"meta":{}},{"ancestorTitles":["Auth Verify Routes","POST /api/auth/verify","Invalid Token Handling"],"fullName":"Auth Verify Routes POST /api/auth/verify Invalid Token Handling should reject invalid token","status":"passed","title":"should reject invalid token","duration":1.0480750000001535,"failureMessages":[],"meta":{}},{"ancestorTitles":["Auth Verify Routes","POST /api/auth/verify","Invalid Token Handling"],"fullName":"Auth Verify Routes POST /api/auth/verify Invalid Token Handling should reject expired token","status":"passed","title":"should reject expired token","duration":2.0214740000001257,"failureMessages":[],"meta":{}},{"ancestorTitles":["Auth Verify Routes","POST /api/auth/verify","Error Handling"],"fullName":"Auth Verify Routes POST /api/auth/verify Error Handling should handle database errors gracefully","status":"passed","title":"should handle database errors gracefully","duration":200.23402399999986,"failureMessages":[],"meta":{}},{"ancestorTitles":["Auth Verify Routes","POST /api/auth/verify","Error Handling"],"fullName":"Auth Verify Routes POST /api/auth/verify Error Handling should handle malformed JSON gracefully","status":"passed","title":"should handle malformed JSON gracefully","duration":0.9257800000000316,"failureMessages":[],"meta":{}},{"ancestorTitles":["Auth Verify Routes","Security Features"],"fullName":"Auth Verify Routes Security Features should validate JWT issuer","status":"passed","title":"should validate JWT issuer","duration":10.161204999999882,"failureMessages":[],"meta":{}},{"ancestorTitles":["Auth Verify Routes","Security Features"],"fullName":"Auth Verify Routes Security Features should validate JWT audience","status":"passed","title":"should validate JWT audience","duration":2.8398040000001856,"failureMessages":[],"meta":{}}],"startTime":1771180419145,"endTime":1771180419467.8398,"status":"passed","message":"","name":"/home/nic20/ProjetosWeb/ServiceDesk/app/api/auth/__tests__/verify.test.ts"},{"assertionResults":[{"ancestorTitles":["AITrainingSystem","Constructor and Configuration"],"fullName":"AITrainingSystem Constructor and Configuration should initialize with default config","status":"passed","title":"should initialize with default config","duration":1.8730199999999968,"failureMessages":[],"meta":{}},{"ancestorTitles":["AITrainingSystem","Constructor and Configuration"],"fullName":"AITrainingSystem Constructor and Configuration should accept custom configuration","status":"passed","title":"should accept custom configuration","duration":0.6338739999999916,"failureMessages":[],"meta":{}},{"ancestorTitles":["AITrainingSystem","collectTrainingData"],"fullName":"AITrainingSystem collectTrainingData should collect validated training data for classification","status":"passed","title":"should collect validated training data for classification","duration":2.533631000000014,"failureMessages":[],"meta":{}},{"ancestorTitles":["AITrainingSystem","collectTrainingData"],"fullName":"AITrainingSystem collectTrainingData should filter by organization ID when provided","status":"passed","title":"should filter by organization ID when provided","duration":1.232670999999982,"failureMessages":[],"meta":{}},{"ancestorTitles":["AITrainingSystem","collectTrainingData"],"fullName":"AITrainingSystem collectTrainingData should only include validated high-quality data","status":"passed","title":"should only include validated high-quality data","duration":0.6386459999999943,"failureMessages":[],"meta":{}},{"ancestorTitles":["AITrainingSystem","addTrainingData"],"fullName":"AITrainingSystem addTrainingData should add new training data entry","status":"passed","title":"should add new training data entry","duration":2.0591799999999694,"failureMessages":[],"meta":{}},{"ancestorTitles":["AITrainingSystem","addTrainingData"],"fullName":"AITrainingSystem addTrainingData should handle unvalidated data","status":"passed","title":"should handle unvalidated data","duration":0.6979649999999538,"failureMessages":[],"meta":{}},{"ancestorTitles":["AITrainingSystem","processFeedback"],"fullName":"AITrainingSystem processFeedback should process positive feedback","status":"passed","title":"should process positive feedback","duration":0.9349340000001121,"failureMessages":[],"meta":{}},{"ancestorTitles":["AITrainingSystem","processFeedback"],"fullName":"AITrainingSystem processFeedback should process negative feedback with corrections","status":"passed","title":"should process negative feedback with corrections","duration":0.902074999999968,"failureMessages":[],"meta":{}},{"ancestorTitles":["AITrainingSystem","processFeedback"],"fullName":"AITrainingSystem processFeedback should throw error for non-existent classification","status":"passed","title":"should throw error for non-existent classification","duration":1.3443099999999504,"failureMessages":[],"meta":{}},{"ancestorTitles":["AITrainingSystem","calculatePerformanceMetrics"],"fullName":"AITrainingSystem calculatePerformanceMetrics should calculate accurate performance metrics","status":"passed","title":"should calculate accurate performance metrics","duration":0.6897200000000794,"failureMessages":[],"meta":{}},{"ancestorTitles":["AITrainingSystem","calculatePerformanceMetrics"],"fullName":"AITrainingSystem calculatePerformanceMetrics should handle zero feedback gracefully","status":"passed","title":"should handle zero feedback gracefully","duration":0.5380799999999226,"failureMessages":[],"meta":{}},{"ancestorTitles":["AITrainingSystem","calculatePerformanceMetrics"],"fullName":"AITrainingSystem calculatePerformanceMetrics should filter by organization ID","status":"passed","title":"should filter by organization ID","duration":0.38688699999988785,"failureMessages":[],"meta":{}},{"ancestorTitles":["AITrainingSystem","shouldRetrain"],"fullName":"AITrainingSystem shouldRetrain should return false when auto-retrain is disabled","status":"passed","title":"should return false when auto-retrain is disabled","duration":0.4268890000000738,"failureMessages":[],"meta":{}},{"ancestorTitles":["AITrainingSystem","shouldRetrain"],"fullName":"AITrainingSystem shouldRetrain should return true when accuracy is below threshold","status":"passed","title":"should return true when accuracy is below threshold","duration":0.39927299999999377,"failureMessages":[],"meta":{}},{"ancestorTitles":["AITrainingSystem","shouldRetrain"],"fullName":"AITrainingSystem shouldRetrain should return true when enough new training data exists","status":"passed","title":"should return true when enough new training data exists","duration":0.4549720000001116,"failureMessages":[],"meta":{}},{"ancestorTitles":["AITrainingSystem","trainModel"],"fullName":"AITrainingSystem trainModel should throw error with insufficient training data","status":"passed","title":"should throw error with insufficient training data","duration":0.5174729999999954,"failureMessages":[],"meta":{}},{"ancestorTitles":["AITrainingSystem","trainModel"],"fullName":"AITrainingSystem trainModel should successfully train model with sufficient data","status":"passed","title":"should successfully train model with sufficient data","duration":4.839952000000039,"failureMessages":[],"meta":{}},{"ancestorTitles":["AITrainingSystem","getDataQualityStats"],"fullName":"AITrainingSystem getDataQualityStats should return comprehensive data quality statistics","status":"passed","title":"should return comprehensive data quality statistics","duration":1.156368999999927,"failureMessages":[],"meta":{}},{"ancestorTitles":["AITrainingSystem","getDataQualityStats"],"fullName":"AITrainingSystem getDataQualityStats should handle empty database gracefully","status":"passed","title":"should handle empty database gracefully","duration":0.7770310000000791,"failureMessages":[],"meta":{}},{"ancestorTitles":["AITrainingSystem","exportTrainingData"],"fullName":"AITrainingSystem exportTrainingData should export training data in JSON format","status":"passed","title":"should export training data in JSON format","duration":1.2294679999999971,"failureMessages":[],"meta":{}},{"ancestorTitles":["AITrainingSystem","exportTrainingData"],"fullName":"AITrainingSystem exportTrainingData should export training data in CSV format","status":"passed","title":"should export training data in CSV format","duration":0.9892079999999623,"failureMessages":[],"meta":{}}],"startTime":1771180419234,"endTime":1771180419260.9893,"status":"passed","message":"","name":"/home/nic20/ProjetosWeb/ServiceDesk/tests/unit/lib/ai/training-system.test.ts"},{"assertionResults":[{"ancestorTitles":["POST /api/tickets/create","Success Cases"],"fullName":"POST /api/tickets/create Success Cases should create ticket with valid data","status":"passed","title":"should create ticket with valid data","duration":14.339901999999938,"failureMessages":[],"meta":{}},{"ancestorTitles":["POST /api/tickets/create","Success Cases"],"fullName":"POST /api/tickets/create Success Cases should use authenticated user ID","status":"passed","title":"should use authenticated user ID","duration":4.075170000000071,"failureMessages":[],"meta":{}},{"ancestorTitles":["POST /api/tickets/create","Success Cases"],"fullName":"POST /api/tickets/create Success Cases should include workflow result in response","status":"passed","title":"should include workflow result in response","duration":2.8981830000000173,"failureMessages":[],"meta":{}},{"ancestorTitles":["POST /api/tickets/create","Validation Errors"],"fullName":"POST /api/tickets/create Validation Errors should reject missing title","status":"passed","title":"should reject missing title","duration":17.78794300000004,"failureMessages":[],"meta":{}},{"ancestorTitles":["POST /api/tickets/create","Validation Errors"],"fullName":"POST /api/tickets/create Validation Errors should reject missing description","status":"passed","title":"should reject missing description","duration":8.083505999999943,"failureMessages":[],"meta":{}},{"ancestorTitles":["POST /api/tickets/create","Validation Errors"],"fullName":"POST /api/tickets/create Validation Errors should reject title exceeding max length","status":"passed","title":"should reject title exceeding max length","duration":4.159666999999899,"failureMessages":[],"meta":{}},{"ancestorTitles":["POST /api/tickets/create","Validation Errors"],"fullName":"POST /api/tickets/create Validation Errors should reject description exceeding max length","status":"passed","title":"should reject description exceeding max length","duration":3.053760999999895,"failureMessages":[],"meta":{}},{"ancestorTitles":["POST /api/tickets/create","Authentication Errors"],"fullName":"POST /api/tickets/create Authentication Errors should reject unauthenticated requests","status":"passed","title":"should reject unauthenticated requests","duration":2.2971439999998893,"failureMessages":[],"meta":{}},{"ancestorTitles":["POST /api/tickets/create","Authentication Errors"],"fullName":"POST /api/tickets/create Authentication Errors should reject requests without user ID","status":"passed","title":"should reject requests without user ID","duration":2.043134000000009,"failureMessages":[],"meta":{}},{"ancestorTitles":["POST /api/tickets/create","Multi-Tenant Security"],"fullName":"POST /api/tickets/create Multi-Tenant Security should enforce tenant isolation for ticket_type","status":"passed","title":"should enforce tenant isolation for ticket_type","duration":4.480839999999944,"failureMessages":[],"meta":{}},{"ancestorTitles":["POST /api/tickets/create","Multi-Tenant Security"],"fullName":"POST /api/tickets/create Multi-Tenant Security should enforce tenant isolation for category","status":"passed","title":"should enforce tenant isolation for category","duration":5.13719100000003,"failureMessages":[],"meta":{}},{"ancestorTitles":["POST /api/tickets/create","Multi-Tenant Security"],"fullName":"POST /api/tickets/create Multi-Tenant Security should enforce tenant isolation for priority","status":"passed","title":"should enforce tenant isolation for priority","duration":5.706026999999949,"failureMessages":[],"meta":{}},{"ancestorTitles":["POST /api/tickets/create","Business Logic"],"fullName":"POST /api/tickets/create Business Logic should include optional fields when provided","status":"passed","title":"should include optional fields when provided","duration":2.859764999999925,"failureMessages":[],"meta":{}},{"ancestorTitles":["POST /api/tickets/create","Business Logic"],"fullName":"POST /api/tickets/create Business Logic should use default values for optional fields","status":"passed","title":"should use default values for optional fields","duration":3.4976570000001175,"failureMessages":[],"meta":{}},{"ancestorTitles":["POST /api/tickets/create","Error Handling"],"fullName":"POST /api/tickets/create Error Handling should handle workflow processing errors gracefully","status":"passed","title":"should handle workflow processing errors gracefully","duration":7.197411999999986,"failureMessages":[],"meta":{}},{"ancestorTitles":["POST /api/tickets/create","Error Handling"],"fullName":"POST /api/tickets/create Error Handling should handle database errors gracefully","status":"passed","title":"should handle database errors gracefully","duration":8.226850000000013,"failureMessages":[],"meta":{}},{"ancestorTitles":["POST /api/tickets/create","Response Format"],"fullName":"POST /api/tickets/create Response Format should return consistent success response format","status":"passed","title":"should return consistent success response format","duration":5.708362999999963,"failureMessages":[],"meta":{}},{"ancestorTitles":["POST /api/tickets/create","Response Format"],"fullName":"POST /api/tickets/create Response Format should return consistent error response format","status":"passed","title":"should return consistent error response format","duration":5.503253000000086,"failureMessages":[],"meta":{}}],"startTime":1771180419324,"endTime":1771180419433.5032,"status":"passed","message":"","name":"/home/nic20/ProjetosWeb/ServiceDesk/app/api/tickets/create/__tests__/route.test.ts"}]}